<?xml version="1.0" encoding="UTF-8"?>
<testsuites>
  <testsuite name="CommonPHP" tests="2" assertions="2" failures="0" errors="0" time="0.001160">
    <testsuite name="SendGrid_Restful\Test\SendGridTest" file="/Users/Fuzzy/milf/SendGrid-LightWeight-PHP-API/tests/SendGrid.php" tests="2" assertions="2" failures="0" errors="0" time="0.001160">
      <testsuite name="SendGrid_Restful\Test\SendGridTest::test_send" tests="2" assertions="2" failures="0" errors="0" time="0.001160">
        <testcase name="test_send with data set #0" assertions="1" time="0.000547"/>
        <testcase name="test_send with data set #1" assertions="1" time="0.000613"/>
      </testsuite>
    </testsuite>
  </testsuite>
</testsuites>
