<?xml version="1.0" encoding="UTF-8"?>
<testsuites>
  <testsuite name="CommonPHP" tests="2" assertions="2" failures="0" errors="0" time="0.514045">
    <testsuite name="SendGrid_Restful\Test\CurlTest" file="/Users/Fuzzy/milf/SendGrid-LightWeight-PHP-API/tests/Curl.php" tests="2" assertions="2" failures="0" errors="0" time="0.514045">
      <testsuite name="SendGrid_Restful\Test\CurlTest::test_post" tests="1" assertions="1" failures="0" errors="0" time="0.338666">
        <testcase name="test_post with data set #0" assertions="1" time="0.338666"/>
      </testsuite>
      <testsuite name="SendGrid_Restful\Test\CurlTest::test_get" tests="1" assertions="1" failures="0" errors="0" time="0.175379">
        <testcase name="test_get with data set #0" assertions="1" time="0.175379"/>
      </testsuite>
    </testsuite>
  </testsuite>
</testsuites>
